16-01-2025 13:52:58 [INF] Start monitoring the tasks.
16-01-2025 13:52:58 [INF] Creating the task queue schedule
16-01-2025 13:52:58 [INF] A task queue is created. Executions are scheduled for the following intervals:
[6:00, 7:00, 8:00, 9:58, 10:44, 11:00, 12:00, 13:36, 14:00, 15:31, 16:08, 17:00, 18:00, 19:00, 20:00]
16-01-2025 13:52:58 [INF] Queued Hosted Service is running
16-01-2025 13:53:44 [INF] Start monitoring the tasks.
16-01-2025 13:53:44 [INF] Creating the task queue schedule
16-01-2025 13:53:44 [INF] Queued Hosted Service is running
16-01-2025 13:53:44 [INF] A task queue is created. Executions are scheduled for the following intervals:
[6:00, 7:00, 8:00, 9:58, 10:44, 11:00, 12:00, 13:36, 14:00, 15:31, 16:08, 17:00, 18:00, 19:00, 20:00]
16-01-2025 13:55:24 [INF] Start monitoring the tasks.
16-01-2025 13:55:24 [INF] Creating the task queue schedule
16-01-2025 13:55:24 [INF] Queued Hosted Service is running
16-01-2025 13:55:24 [INF] A task queue is created. Executions are scheduled for the following intervals:
[6:00, 7:00, 8:00, 9:58, 10:44, 11:00, 12:00, 13:36, 14:00, 15:31, 16:08, 17:00, 18:00, 19:00, 20:00]
16-01-2025 13:59:55 [INF] Start monitoring the tasks.
16-01-2025 13:59:55 [INF] Creating the task queue schedule
16-01-2025 13:59:55 [INF] Queued Hosted Service is running
16-01-2025 13:59:55 [INF] A task queue is created. Executions are scheduled for the following intervals:
[6:00, 7:00, 8:00, 9:58, 10:44, 11:00, 12:00, 13:36, 14:50, 15:31, 16:08, 17:00, 18:00, 19:00, 20:00]
16-01-2025 14:13:23 [INF] Start monitoring the tasks.
16-01-2025 14:13:23 [INF] Creating the task queue schedule
16-01-2025 14:13:23 [INF] Queued Hosted Service is running
16-01-2025 14:13:23 [INF] A task queue is created. Executions are scheduled for the following intervals:
[6:00, 7:00, 8:00, 9:58, 10:44, 11:00, 12:00, 13:36, 14:50, 15:31, 16:08, 17:00, 18:00, 19:00, 20:00]
16-01-2025 14:14:43 [INF] Start monitoring the tasks.
16-01-2025 14:14:43 [INF] Creating the task queue schedule
16-01-2025 14:14:43 [INF] Queued Hosted Service is running
16-01-2025 14:14:43 [INF] A task queue is created. Executions are scheduled for the following intervals:
[6:00, 7:00, 8:00, 9:58, 10:44, 11:00, 12:00, 13:36, 14:50, 15:31, 16:08, 17:00, 18:00, 19:00, 20:00]
16-01-2025 14:21:48 [INF] Start monitoring the tasks.
16-01-2025 14:21:48 [INF] Creating the task queue schedule
16-01-2025 14:21:48 [INF] Queued Hosted Service is running
16-01-2025 14:21:48 [INF] A task queue is created. Executions are scheduled for the following intervals:
[6:00, 7:00, 8:00, 9:58, 10:44, 11:00, 12:00, 13:36, 14:50, 15:31, 16:08, 17:00, 18:00, 19:00, 20:00]
16-01-2025 14:23:38 [INF] Start monitoring the tasks.
16-01-2025 14:23:38 [INF] Creating the task queue schedule
16-01-2025 14:23:38 [INF] Queued Hosted Service is running
16-01-2025 14:23:38 [INF] A task queue is created. Executions are scheduled for the following intervals:
[6:00, 7:00, 8:00, 9:58, 10:44, 11:00, 12:00, 13:36, 14:50, 15:31, 16:08, 17:00, 18:00, 19:00, 20:00]
16-01-2025 14:24:49 [INF] Start monitoring the tasks.
16-01-2025 14:24:49 [INF] Creating the task queue schedule
16-01-2025 14:24:49 [INF] Queued Hosted Service is running
16-01-2025 14:24:49 [INF] A task queue is created. Executions are scheduled for the following intervals:
[6:00, 7:00, 8:00, 9:58, 10:44, 11:00, 12:00, 13:36, 14:50, 15:31, 16:08, 17:00, 18:00, 19:00, 20:00]
16-01-2025 14:50:00 [INF] 
New Session started
16-01-2025 14:50:00 [INF] New task received
16-01-2025 14:50:00 [INF] New Iteration started
16-01-2025 14:50:00 [INF] New Iteration initialized. Id: 32995
16-01-2025 14:50:00 [INF] Start processing HTTP request POST https://www.space-track.org/ajaxauth/login
16-01-2025 14:50:00 [INF] Sending HTTP request POST https://www.space-track.org/ajaxauth/login
16-01-2025 14:50:01 [INF] Received HTTP response headers after 1197.642ms - 200
16-01-2025 14:50:01 [INF] End processing HTTP request after 1221.1231ms - 200
16-01-2025 14:50:01 [INF] Start processing HTTP request GET https://www.space-track.org/basicspacedata/query/class/tle_publish/PUBLISH_EPOCH/2025-01-16%2010:26:14--2025-01-17%2010:26:14
16-01-2025 14:50:01 [INF] Sending HTTP request GET https://www.space-track.org/basicspacedata/query/class/tle_publish/PUBLISH_EPOCH/2025-01-16%2010:26:14--2025-01-17%2010:26:14
16-01-2025 14:50:01 [INF] Received HTTP response headers after 365.6639ms - 200
16-01-2025 14:50:01 [INF] End processing HTTP request after 371.3368ms - 200
16-01-2025 14:50:01 [INF] 7 TLEs received from ST
16-01-2025 14:50:01 [INF] 0/7 duplicates filtered from the Space-Track response
16-01-2025 14:50:02 [INF] Attempt to repeat PersistFilteredTLEs. Try number: 1
16-01-2025 14:50:02 [INF] 0/7 duplicates filtered from the Space-Track response
16-01-2025 16:25:08 [INF] Start monitoring the tasks.
16-01-2025 16:25:09 [INF] Creating the task queue schedule
16-01-2025 16:25:09 [INF] A task queue is created. Executions are scheduled for the following intervals:
[6:00, 7:00, 8:00, 9:00, 10:00, 11:00, 12:00, 13:00, 14:00, 15:00, 16:00, 17:00, 18:00, 19:00, 20:00]
16-01-2025 16:25:09 [INF] Queued Hosted Service is running
