27-01-2025 09:55:27 [INF] Start monitoring the tasks.
27-01-2025 09:55:27 [INF] Creating the task queue schedule
27-01-2025 09:55:27 [INF] Task queue created. Executions are scheduled for the following intervals:
[6:00, 7:00, 8:00, 9:00, 10:00, 11:00, 12:00, 13:00, 14:00, 15:00, 16:00, 17:00, 18:00, 19:00, 20:00]
27-01-2025 09:55:27 [INF] Queued Hosted Service is running
27-01-2025 09:56:18 [INF] Start monitoring the tasks.
27-01-2025 09:56:18 [INF] Creating the task queue schedule
27-01-2025 09:56:18 [INF] Queued Hosted Service is running
27-01-2025 09:56:18 [INF] Task queue created. Executions are scheduled for the following intervals:
[6:00, 7:00, 8:00, 9:57, 10:00, 11:00, 12:00, 13:00, 14:00, 15:00, 16:00, 17:00, 18:00, 19:00, 20:00]
27-01-2025 09:57:00 [INF] 
New Session started
27-01-2025 09:57:00 [INF] New task received
27-01-2025 09:57:00 [INF] New Iteration started
27-01-2025 09:57:00 [INF] New Iteration initialized. Id: 33134
27-01-2025 09:57:00 [INF] Start processing HTTP request POST https://www.space-track.org/ajaxauth/login
27-01-2025 09:57:00 [INF] Sending HTTP request POST https://www.space-track.org/ajaxauth/login
27-01-2025 09:57:01 [INF] Received HTTP response headers after 909.1196ms - 200
27-01-2025 09:57:01 [INF] End processing HTTP request after 932.7539ms - 200
27-01-2025 09:57:01 [INF] Start processing HTTP request GET https://www.space-track.org/basicspacedata/query/class/tle_publish/PUBLISH_EPOCH/2025-01-21%2016:56:16--2025-01-22%2016:56:16
27-01-2025 09:57:01 [INF] Sending HTTP request GET https://www.space-track.org/basicspacedata/query/class/tle_publish/PUBLISH_EPOCH/2025-01-21%2016:56:16--2025-01-22%2016:56:16
27-01-2025 09:57:03 [INF] Received HTTP response headers after 1862.3356ms - 200
27-01-2025 09:57:03 [INF] End processing HTTP request after 1869.1234ms - 200
27-01-2025 09:57:05 [INF] 60826 TLEs received from ST
27-01-2025 09:57:31 [INF] 1582/60826 duplicates filtered from the Space-Track response
27-01-2025 09:59:07 [INF] Start monitoring the tasks.
27-01-2025 09:59:07 [INF] Creating the task queue schedule
27-01-2025 09:59:07 [INF] Queued Hosted Service is running
27-01-2025 09:59:07 [INF] Task queue created. Executions are scheduled for the following intervals:
[6:00, 7:00, 8:00, 9:57, 10:00, 11:00, 12:00, 13:00, 14:00, 15:00, 16:00, 17:00, 18:00, 19:00, 20:00]
27-01-2025 10:00:00 [INF] 
New Session started
27-01-2025 10:00:00 [INF] New task received
27-01-2025 10:00:00 [INF] New Iteration started
27-01-2025 10:00:00 [INF] New Iteration initialized. Id: 33135
27-01-2025 10:00:00 [INF] Start processing HTTP request POST https://www.space-track.org/ajaxauth/login
27-01-2025 10:00:00 [INF] Sending HTTP request POST https://www.space-track.org/ajaxauth/login
27-01-2025 10:00:01 [INF] Received HTTP response headers after 1010.9226ms - 200
27-01-2025 10:00:01 [INF] End processing HTTP request after 1033.7155ms - 200
27-01-2025 10:00:01 [INF] Start processing HTTP request GET https://www.space-track.org/basicspacedata/query/class/tle_publish/PUBLISH_EPOCH/2025-01-21%2016:56:16--2025-01-22%2016:56:16
27-01-2025 10:00:01 [INF] Sending HTTP request GET https://www.space-track.org/basicspacedata/query/class/tle_publish/PUBLISH_EPOCH/2025-01-21%2016:56:16--2025-01-22%2016:56:16
27-01-2025 10:00:04 [INF] Received HTTP response headers after 3602.1946ms - 200
27-01-2025 10:00:04 [INF] End processing HTTP request after 3607.0092ms - 200
27-01-2025 10:00:07 [INF] 60826 TLEs received from ST
27-01-2025 10:00:33 [INF] 1582/60826 duplicates filtered from the Space-Track response
27-01-2025 10:20:31 [INF] Start monitoring the tasks.
27-01-2025 10:20:31 [INF] Creating the task queue schedule
27-01-2025 10:20:31 [INF] Queued Hosted Service is running
27-01-2025 10:20:31 [INF] Task queue created. Executions are scheduled for the following intervals:
[6:00, 7:00, 8:00, 9:57, 10:21, 11:00, 12:00, 13:00, 14:00, 15:00, 16:00, 17:00, 18:00, 19:00, 20:00]
27-01-2025 10:21:00 [INF] 
New Session started
27-01-2025 10:21:00 [INF] New task received
27-01-2025 10:21:00 [INF] New Iteration started
27-01-2025 10:21:00 [INF] New Iteration initialized. Id: 33136
27-01-2025 10:21:00 [INF] Start processing HTTP request POST https://www.space-track.org/ajaxauth/login
27-01-2025 10:21:00 [INF] Sending HTTP request POST https://www.space-track.org/ajaxauth/login
27-01-2025 10:21:01 [INF] Received HTTP response headers after 952.1518ms - 200
27-01-2025 10:21:01 [INF] End processing HTTP request after 974.6262ms - 200
27-01-2025 10:21:01 [INF] Start processing HTTP request GET https://www.space-track.org/basicspacedata/query/class/tle_publish/PUBLISH_EPOCH/2025-01-21%2016:56:16--2025-01-22%2016:56:16
27-01-2025 10:21:01 [INF] Sending HTTP request GET https://www.space-track.org/basicspacedata/query/class/tle_publish/PUBLISH_EPOCH/2025-01-21%2016:56:16--2025-01-22%2016:56:16
27-01-2025 10:21:02 [INF] Received HTTP response headers after 1471.6883ms - 200
27-01-2025 10:21:02 [INF] End processing HTTP request after 1476.6258ms - 200
27-01-2025 10:21:04 [INF] 60826 TLEs received from ST
27-01-2025 10:21:30 [INF] 1582/60826 duplicates filtered from the Space-Track response
27-01-2025 10:21:33 [INF] The Database have already contained 1273 tles from the sample received from the Space-Track
27-01-2025 10:21:36 [INF] Unic TLEs received: 57971
27-01-2025 10:21:57 [INF] 57971 new TLEs added
27-01-2025 10:21:57 [INF] 57971 TLEs saved successfully
27-01-2025 10:21:57 [INF] Iteration 33136 written
27-01-2025 10:21:57 [INF] Iteration 33136 persisted with status: Data is loaded
27-01-2025 10:21:57 [INF] Task has completed

27-01-2025 10:44:07 [INF] Start monitoring the tasks.
27-01-2025 10:44:07 [INF] Creating the task queue schedule
27-01-2025 10:44:07 [INF] Queued Hosted Service is running
27-01-2025 10:44:07 [INF] Task queue created. Executions are scheduled for the following intervals:
[6:00, 7:00, 8:00, 9:57, 10:21, 11:00, 12:00, 13:00, 14:00, 15:00, 16:00, 17:00, 18:00, 19:00, 20:00]
27-01-2025 10:44:15 [INF] New Iteration started
27-01-2025 10:44:16 [INF] New Iteration initialized. Id: 33137
27-01-2025 10:44:16 [INF] Start processing HTTP request POST https://www.space-track.org/ajaxauth/login
27-01-2025 10:44:16 [INF] Sending HTTP request POST https://www.space-track.org/ajaxauth/login
27-01-2025 10:44:16 [INF] Received HTTP response headers after 832.2115ms - 200
27-01-2025 10:44:16 [INF] End processing HTTP request after 854.4573ms - 200
27-01-2025 10:44:17 [INF] Start processing HTTP request GET https://www.space-track.org/basicspacedata/query/class/tle_publish/PUBLISH_EPOCH/2025-01-22%2016:56:16--2025-01-23%2016:56:16
27-01-2025 10:44:17 [INF] Sending HTTP request GET https://www.space-track.org/basicspacedata/query/class/tle_publish/PUBLISH_EPOCH/2025-01-22%2016:56:16--2025-01-23%2016:56:16
27-01-2025 10:44:18 [INF] Received HTTP response headers after 1044.7096ms - 200
27-01-2025 10:44:18 [INF] End processing HTTP request after 1050.1517ms - 200
27-01-2025 10:44:19 [INF] 35888 TLEs received from ST
27-01-2025 10:44:29 [INF] 269/35888 duplicates filtered from the Space-Track response
27-01-2025 10:45:17 [INF] The Database have already contained 2559 tles from the sample received from the Space-Track
27-01-2025 10:45:20 [INF] Unic TLEs received: 33060
27-01-2025 10:47:24 [INF] 33060 new TLEs added
27-01-2025 10:47:24 [INF] 33060 TLEs saved successfully
27-01-2025 10:47:24 [INF] Iteration 33137 written
27-01-2025 10:47:24 [INF] Iteration 33137 persisted with status: Data is loaded
27-01-2025 10:51:23 [INF] Start monitoring the tasks.
27-01-2025 10:51:23 [INF] Creating the task queue schedule
27-01-2025 10:51:23 [INF] Queued Hosted Service is running
27-01-2025 10:51:23 [INF] Task queue created. Executions are scheduled for the following intervals:
[6:00, 7:00, 8:00, 9:57, 10:21, 11:00, 12:00, 13:00, 14:00, 15:00, 16:00, 17:00, 18:00, 19:00, 20:00]
27-01-2025 10:51:27 [INF] New Iteration started
27-01-2025 10:51:27 [INF] New Iteration initialized. Id: 33138
27-01-2025 10:51:27 [INF] Start processing HTTP request POST https://www.space-track.org/ajaxauth/login
27-01-2025 10:51:27 [INF] Sending HTTP request POST https://www.space-track.org/ajaxauth/login
27-01-2025 10:51:28 [INF] Received HTTP response headers after 889.6298ms - 200
27-01-2025 10:51:28 [INF] End processing HTTP request after 912.2289ms - 200
27-01-2025 10:51:28 [INF] Start processing HTTP request GET https://www.space-track.org/basicspacedata/query/class/tle_publish/PUBLISH_EPOCH/2025-01-23%2016:46:26--2025-01-24%2016:46:26
27-01-2025 10:51:28 [INF] Sending HTTP request GET https://www.space-track.org/basicspacedata/query/class/tle_publish/PUBLISH_EPOCH/2025-01-23%2016:46:26--2025-01-24%2016:46:26
27-01-2025 10:51:29 [INF] Received HTTP response headers after 1326.734ms - 200
27-01-2025 10:51:29 [INF] End processing HTTP request after 1331.5184ms - 200
27-01-2025 10:51:31 [INF] 54999 TLEs received from ST
27-01-2025 10:51:51 [INF] 1509/54999 duplicates filtered from the Space-Track response
27-01-2025 10:54:37 [INF] The Database have already contained 1844 tles from the sample received from the Space-Track
27-01-2025 10:54:41 [INF] Unic TLEs received: 51646
27-01-2025 10:59:01 [INF] 51646 new TLEs added
27-01-2025 10:59:01 [INF] 51646 TLEs saved successfully
27-01-2025 10:59:01 [INF] Iteration 33138 written
27-01-2025 10:59:01 [INF] Iteration 33138 persisted with status: Data is loaded
